2022-03-19 01:21:50,814 INFO notifyConnectTimeout:200

2022-03-19 01:21:50,817 INFO notifySocketTimeout:8000

2022-03-19 01:21:50,818 INFO isHealthCheck:true

2022-03-19 01:21:50,819 INFO maxHealthCheckFailCount:12

2022-03-19 01:21:50,820 INFO maxContent:10485760

2022-03-19 01:21:50,822 INFO spring.datasource.platform:""

2022-03-19 01:21:52,933 INFO use local db service for init

2022-03-19 01:21:53,480 WARN Lexical error at line 4, column 66.  Encountered: <EOF> after : "".

2022-03-19 01:21:53,486 WARN Syntax error: Encountered "*" at line 1, column 1.

2022-03-19 01:21:53,702 WARN Lexical error at line 4, column 13.  Encountered: "`" (96), after : "".

2022-03-19 01:21:53,703 WARN Lexical error at line 1, column 13.  Encountered: "`" (96), after : "".

2022-03-19 01:21:53,705 WARN Lexical error at line 1, column 13.  Encountered: "`" (96), after : "".

2022-03-19 01:21:53,707 WARN Lexical error at line 1, column 13.  Encountered: "`" (96), after : "".

2022-03-19 01:21:53,708 INFO use StandaloneDatabaseOperateImpl

2022-03-19 01:21:54,321 WARN DumpService start

2022-03-19 01:21:54,324 INFO start clear all config-info.

2022-03-19 01:21:54,326 WARN clear all config-info failed.

2022-03-19 01:21:54,327 WARN clear all config-info-tenant failed.

2022-03-19 01:21:54,508 INFO start clear all config-info-beta.

2022-03-19 01:21:54,511 WARN clear all config-info-beta failed.

2022-03-19 01:21:54,515 WARN clear all config-info-beta-tenant failed.

2022-03-19 01:21:54,527 INFO start clear all config-info-tag.

2022-03-19 01:21:54,528 WARN clear all config-info-tag failed.

2022-03-19 01:21:54,529 WARN clear all config-info-tag-tenant failed.

