2022-03-19 01:21:53,914 INFO raft peers changed: [Member{ip='3f51ea766621', port=8848, state=UP, extendInfo={raftPort=7848}}]

2022-03-19 01:21:53,929 INFO initializing Raft sub-system

2022-03-19 01:21:53,929 INFO finish loading all datums, size: 0 cost 0 ms.

2022-03-19 01:21:53,930 INFO cache loaded, datum count: 0, current term: 0

2022-03-19 01:21:53,930 INFO finish to load data from disk, cost: 1 ms.

2022-03-19 01:21:53,933 INFO timer started: leader timeout ms: 15000, heart-beat timeout ms: 5000

2022-03-19 01:21:54,232 INFO add listener: com.alibaba.nacos.naming.domains.meta.00-00---000-NACOS_SWITCH_DOMAIN-000---00-00

2022-03-19 01:21:54,243 INFO add listener: com.alibaba.nacos.naming.domains.meta.

2022-03-19 01:21:58,907 WARN start to close old raft protocol!!!

2022-03-19 01:21:58,907 WARN stop old raft protocol task for notifier

2022-03-19 01:21:58,908 WARN stop old raft protocol task for master task

2022-03-19 01:21:58,908 WARN stop old raft protocol task for heartbeat task

2022-03-19 01:21:58,908 WARN clean old cache datum for old raft

2022-03-19 01:21:58,908 WARN start to close old raft protocol!!!

2022-03-19 01:21:58,908 WARN stop old raft protocol task for notifier

2022-03-19 01:21:58,908 WARN stop old raft protocol task for master task

2022-03-19 01:21:58,908 WARN stop old raft protocol task for heartbeat task

2022-03-19 01:21:58,908 WARN clean old cache datum for old raft

2022-03-19 01:21:58,908 WARN start to move old raft protocol metadata

2022-03-19 01:21:58,917 WARN start to move old raft protocol metadata

2022-03-19 01:21:58,920 INFO raft peers changed: [Member{ip='3f51ea766621', port=8848, state=UP, extendInfo={lastRefreshTime=1647624118917, raftPort=7848, version=1.4.2}}]

